{"level":"info","message":"ChatController loaded successfully","service":"chat-app","timestamp":"2025-04-29T07:44:42.206Z"}
{"level":"error","message":"Access chat error: Cannot read properties of undefined (reading 'id')","service":"chat-app","stack":"TypeError: Cannot read properties of undefined (reading 'id')\n    at accessChat (/Users/gmahur/Desktop/Stackkaroo/node/emergex-portals-api/src/controllers/ChatControllers.ts:26:51)\n    at Layer.handle [as handle_request] (/Users/gmahur/Desktop/Stackkaroo/node/emergex-portals-api/node_modules/express/lib/router/layer.js:95:5)\n    at next (/Users/gmahur/Desktop/Stackkaroo/node/emergex-portals-api/node_modules/express/lib/router/route.js:149:13)\n    at Route.dispatch (/Users/gmahur/Desktop/Stackkaroo/node/emergex-portals-api/node_modules/express/lib/router/route.js:119:3)\n    at Layer.handle [as handle_request] (/Users/gmahur/Desktop/Stackkaroo/node/emergex-portals-api/node_modules/express/lib/router/layer.js:95:5)\n    at /Users/gmahur/Desktop/Stackkaroo/node/emergex-portals-api/node_modules/express/lib/router/index.js:284:15\n    at Function.process_params (/Users/gmahur/Desktop/Stackkaroo/node/emergex-portals-api/node_modules/express/lib/router/index.js:346:12)\n    at next (/Users/gmahur/Desktop/Stackkaroo/node/emergex-portals-api/node_modules/express/lib/router/index.js:280:10)\n    at Function.handle (/Users/gmahur/Desktop/Stackkaroo/node/emergex-portals-api/node_modules/express/lib/router/index.js:175:3)\n    at router (/Users/gmahur/Desktop/Stackkaroo/node/emergex-portals-api/node_modules/express/lib/router/index.js:47:12)","timestamp":"2025-04-29T07:57:34.463Z"}
{"level":"error","message":"Access chat error: Cannot read properties of undefined (reading 'id')","service":"chat-app","stack":"TypeError: Cannot read properties of undefined (reading 'id')\n    at accessChat (/Users/gmahur/Desktop/Stackkaroo/node/emergex-portals-api/src/controllers/ChatControllers.ts:27:51)\n    at Layer.handle [as handle_request] (/Users/gmahur/Desktop/Stackkaroo/node/emergex-portals-api/node_modules/express/lib/router/layer.js:95:5)\n    at next (/Users/gmahur/Desktop/Stackkaroo/node/emergex-portals-api/node_modules/express/lib/router/route.js:149:13)\n    at Route.dispatch (/Users/gmahur/Desktop/Stackkaroo/node/emergex-portals-api/node_modules/express/lib/router/route.js:119:3)\n    at Layer.handle [as handle_request] (/Users/gmahur/Desktop/Stackkaroo/node/emergex-portals-api/node_modules/express/lib/router/layer.js:95:5)\n    at /Users/gmahur/Desktop/Stackkaroo/node/emergex-portals-api/node_modules/express/lib/router/index.js:284:15\n    at Function.process_params (/Users/gmahur/Desktop/Stackkaroo/node/emergex-portals-api/node_modules/express/lib/router/index.js:346:12)\n    at next (/Users/gmahur/Desktop/Stackkaroo/node/emergex-portals-api/node_modules/express/lib/router/index.js:280:10)\n    at Function.handle (/Users/gmahur/Desktop/Stackkaroo/node/emergex-portals-api/node_modules/express/lib/router/index.js:175:3)\n    at router (/Users/gmahur/Desktop/Stackkaroo/node/emergex-portals-api/node_modules/express/lib/router/index.js:47:12)","timestamp":"2025-04-29T07:58:21.465Z"}
{"_message":"Chat validation failed","errors":{"project":{"kind":"required","message":"Path `project` is required.","name":"ValidatorError","path":"project","properties":{"message":"Path `project` is required.","path":"project","type":"required"}}},"level":"error","message":"Access chat error: Chat validation failed: project: Path `project` is required.","service":"chat-app","stack":"ValidationError: Chat validation failed: project: Path `project` is required.\n    at model.Document.invalidate (/Users/gmahur/Desktop/Stackkaroo/node/emergex-portals-api/node_modules/mongoose/lib/document.js:3334:32)\n    at /Users/gmahur/Desktop/Stackkaroo/node/emergex-portals-api/node_modules/mongoose/lib/document.js:3095:17\n    at /Users/gmahur/Desktop/Stackkaroo/node/emergex-portals-api/node_modules/mongoose/lib/schemaType.js:1407:9\n    at processTicksAndRejections (node:internal/process/task_queues:85:11)","timestamp":"2025-04-29T08:00:45.506Z"}
{"_message":"Chat validation failed","errors":{"project":{"kind":"required","message":"Path `project` is required.","name":"ValidatorError","path":"project","properties":{"message":"Path `project` is required.","path":"project","type":"required"}}},"level":"error","message":"Access chat error: Chat validation failed: project: Path `project` is required.","service":"chat-app","stack":"ValidationError: Chat validation failed: project: Path `project` is required.\n    at model.Document.invalidate (/Users/gmahur/Desktop/Stackkaroo/node/emergex-portals-api/node_modules/mongoose/lib/document.js:3334:32)\n    at /Users/gmahur/Desktop/Stackkaroo/node/emergex-portals-api/node_modules/mongoose/lib/document.js:3095:17\n    at /Users/gmahur/Desktop/Stackkaroo/node/emergex-portals-api/node_modules/mongoose/lib/schemaType.js:1407:9\n    at processTicksAndRejections (node:internal/process/task_queues:85:11)","timestamp":"2025-04-29T08:03:45.075Z"}
{"level":"error","message":"Access chat error: Schema hasn't been registered for model \"Message\".\nUse mongoose.model(name, schema)","service":"chat-app","stack":"MissingSchemaError: Schema hasn't been registered for model \"Message\".\nUse mongoose.model(name, schema)\n    at NativeConnection.model (/Users/gmahur/Desktop/Stackkaroo/node/emergex-portals-api/node_modules/mongoose/lib/connection.js:1432:13)\n    at _getModelFromConn (/Users/gmahur/Desktop/Stackkaroo/node/emergex-portals-api/node_modules/mongoose/lib/helpers/populate/getModelsMapForPopulate.js:579:15)\n    at addModelNamesToMap (/Users/gmahur/Desktop/Stackkaroo/node/emergex-portals-api/node_modules/mongoose/lib/helpers/populate/getModelsMapForPopulate.js:507:17)\n    at getModelsMapForPopulate (/Users/gmahur/Desktop/Stackkaroo/node/emergex-portals-api/node_modules/mongoose/lib/helpers/populate/getModelsMapForPopulate.js:208:7)\n    at _populatePath (/Users/gmahur/Desktop/Stackkaroo/node/emergex-portals-api/node_modules/mongoose/lib/model.js:4312:21)\n    at Function.populate (/Users/gmahur/Desktop/Stackkaroo/node/emergex-portals-api/node_modules/mongoose/lib/model.js:4280:19)\n    at /Users/gmahur/Desktop/Stackkaroo/node/emergex-portals-api/node_modules/mongoose/lib/query.js:2587:11\n    at _init (/Users/gmahur/Desktop/Stackkaroo/node/emergex-portals-api/node_modules/mongoose/lib/query.js:3257:5)\n    at model.Document.init (/Users/gmahur/Desktop/Stackkaroo/node/emergex-portals-api/node_modules/mongoose/lib/document.js:654:5)\n    at model.Document.$init (/Users/gmahur/Desktop/Stackkaroo/node/emergex-portals-api/node_modules/mongoose/lib/document.js:667:42)","timestamp":"2025-04-29T08:04:34.188Z"}
{"level":"info","message":"User connected: RYETy3plhLPO9FhGAAAC","service":"chat-app","timestamp":"2025-05-02T11:37:52.651Z"}
{"level":"info","message":"User connected: ElwdOmRRPajkA5ziAAAF","service":"chat-app","timestamp":"2025-05-02T11:40:03.742Z"}
{"level":"info","message":"User connected: JRVHM7-WAnVxEA1nAAAG","service":"chat-app","timestamp":"2025-05-02T11:40:03.819Z"}
{"level":"info","message":"User disconnected: RYETy3plhLPO9FhGAAAC","service":"chat-app","timestamp":"2025-05-02T11:40:54.623Z"}
{"level":"info","message":"User disconnected: JRVHM7-WAnVxEA1nAAAG","service":"chat-app","timestamp":"2025-05-02T11:40:54.634Z"}
{"level":"info","message":"User disconnected: ElwdOmRRPajkA5ziAAAF","service":"chat-app","timestamp":"2025-05-02T11:40:54.637Z"}
{"level":"info","message":"User connected: dyz0fC2tcmjxbWPnAAAJ","service":"chat-app","timestamp":"2025-05-02T11:40:55.093Z"}
{"level":"info","message":"User disconnected: dyz0fC2tcmjxbWPnAAAJ","service":"chat-app","timestamp":"2025-05-02T11:41:05.796Z"}
{"level":"info","message":"User connected: f5Dr8OEzEWhaBnTIAAAM","service":"chat-app","timestamp":"2025-05-02T11:41:06.203Z"}
{"level":"info","message":"User disconnected: f5Dr8OEzEWhaBnTIAAAM","service":"chat-app","timestamp":"2025-05-02T11:41:07.592Z"}
{"level":"info","message":"User connected: IAEAoFOkf13OzLO9AAAP","service":"chat-app","timestamp":"2025-05-02T11:41:07.988Z"}
{"level":"info","message":"User disconnected: IAEAoFOkf13OzLO9AAAP","service":"chat-app","timestamp":"2025-05-02T11:49:14.543Z"}
{"level":"info","message":"User connected: 9trQsKFvwzu8MC8EAAAS","service":"chat-app","timestamp":"2025-05-02T11:49:15.415Z"}
{"level":"info","message":"User disconnected: 9trQsKFvwzu8MC8EAAAS","service":"chat-app","timestamp":"2025-05-02T11:49:38.060Z"}
{"level":"info","message":"User connected: MVmu9it_Wir_0d7kAAAV","service":"chat-app","timestamp":"2025-05-02T11:49:38.795Z"}
{"level":"info","message":"User disconnected: MVmu9it_Wir_0d7kAAAV","service":"chat-app","timestamp":"2025-05-02T11:50:23.343Z"}
{"level":"info","message":"User connected: V6wFhvn42GfnmiaVAAAY","service":"chat-app","timestamp":"2025-05-02T11:50:24.798Z"}
{"level":"info","message":"User disconnected: V6wFhvn42GfnmiaVAAAY","service":"chat-app","timestamp":"2025-05-02T11:50:38.630Z"}
{"level":"info","message":"User connected: zoxAUWCaJxl9eVenAAAb","service":"chat-app","timestamp":"2025-05-02T11:50:39.651Z"}
{"level":"info","message":"User disconnected: zoxAUWCaJxl9eVenAAAb","service":"chat-app","timestamp":"2025-05-02T11:50:45.568Z"}
{"level":"info","message":"User connected: PYZDLn8F2O1doXbHAAAf","service":"chat-app","timestamp":"2025-05-02T11:50:46.570Z"}
{"level":"info","message":"User connected: MJn3b2uecHh-DhdqAAAh","service":"chat-app","timestamp":"2025-05-02T11:50:46.572Z"}
{"level":"info","message":"User connected: szC-qwaRUV7sqtvZAAAi","service":"chat-app","timestamp":"2025-05-02T11:50:46.577Z"}
{"level":"info","message":"User connected: yDnk0S0NM9DN0mrZAAAj","service":"chat-app","timestamp":"2025-05-02T11:50:46.583Z"}
{"level":"info","message":"User disconnected: PYZDLn8F2O1doXbHAAAf","service":"chat-app","timestamp":"2025-05-02T11:50:50.229Z"}
{"level":"info","message":"User disconnected: szC-qwaRUV7sqtvZAAAi","service":"chat-app","timestamp":"2025-05-02T11:50:50.255Z"}
{"level":"info","message":"User disconnected: yDnk0S0NM9DN0mrZAAAj","service":"chat-app","timestamp":"2025-05-02T11:50:50.256Z"}
{"level":"info","message":"User disconnected: MJn3b2uecHh-DhdqAAAh","service":"chat-app","timestamp":"2025-05-02T11:50:50.256Z"}
{"level":"info","message":"User connected: kebk1m7wtDahmPq-AAAl","service":"chat-app","timestamp":"2025-05-02T11:50:51.411Z"}
{"level":"info","message":"User connected: 2PnhgAHkz536mUrKAAAo","service":"chat-app","timestamp":"2025-05-02T11:50:51.422Z"}
{"level":"info","message":"User connected: w7cpupI4aLjb14o-AAAq","service":"chat-app","timestamp":"2025-05-02T11:50:51.429Z"}
{"level":"info","message":"User connected: 7eg2pXNFNTRGFh8iAAAr","service":"chat-app","timestamp":"2025-05-02T11:50:51.437Z"}
{"level":"info","message":"User disconnected: kebk1m7wtDahmPq-AAAl","service":"chat-app","timestamp":"2025-05-02T11:50:56.068Z"}
{"level":"info","message":"User disconnected: 7eg2pXNFNTRGFh8iAAAr","service":"chat-app","timestamp":"2025-05-02T11:50:56.070Z"}
{"level":"info","message":"User disconnected: w7cpupI4aLjb14o-AAAq","service":"chat-app","timestamp":"2025-05-02T11:50:56.070Z"}
{"level":"info","message":"User disconnected: 2PnhgAHkz536mUrKAAAo","service":"chat-app","timestamp":"2025-05-02T11:50:56.070Z"}
{"level":"info","message":"User connected: tnggl9rW1XdzXvC9AAAw","service":"chat-app","timestamp":"2025-05-02T11:50:56.945Z"}
{"level":"info","message":"User connected: vPRBELTdKdFMJS_rAAAx","service":"chat-app","timestamp":"2025-05-02T11:50:56.947Z"}
{"level":"info","message":"User connected: c7-Owxf-oTo47gJRAAAy","service":"chat-app","timestamp":"2025-05-02T11:50:56.950Z"}
{"level":"info","message":"User connected: cXrXOELYximtGiyVAAAz","service":"chat-app","timestamp":"2025-05-02T11:50:56.969Z"}
{"level":"info","message":"User disconnected: tnggl9rW1XdzXvC9AAAw","service":"chat-app","timestamp":"2025-05-02T11:51:12.530Z"}
{"level":"info","message":"User disconnected: cXrXOELYximtGiyVAAAz","service":"chat-app","timestamp":"2025-05-02T11:51:12.531Z"}
{"level":"info","message":"User disconnected: c7-Owxf-oTo47gJRAAAy","service":"chat-app","timestamp":"2025-05-02T11:51:12.532Z"}
{"level":"info","message":"User disconnected: vPRBELTdKdFMJS_rAAAx","service":"chat-app","timestamp":"2025-05-02T11:51:12.532Z"}
{"level":"info","message":"User connected: AgIXmD47nELlxIaMAAA2","service":"chat-app","timestamp":"2025-05-02T11:51:13.406Z"}
{"level":"info","message":"User disconnected: AgIXmD47nELlxIaMAAA2","service":"chat-app","timestamp":"2025-05-02T11:51:32.095Z"}
{"level":"info","message":"User connected: fBLDDfmcdOfxdwnVAAA5","service":"chat-app","timestamp":"2025-05-02T11:51:33.000Z"}
{"level":"info","message":"User disconnected: fBLDDfmcdOfxdwnVAAA5","service":"chat-app","timestamp":"2025-05-02T11:51:34.368Z"}
{"level":"info","message":"User connected: Q2PQlbgVSX8S8yo3AAA8","service":"chat-app","timestamp":"2025-05-02T11:51:35.373Z"}
{"level":"info","message":"User disconnected: Q2PQlbgVSX8S8yo3AAA8","service":"chat-app","timestamp":"2025-05-02T11:51:38.254Z"}
{"level":"info","message":"User connected: tF6NTIaFG7GfDK63AAA_","service":"chat-app","timestamp":"2025-05-02T11:51:39.160Z"}
{"level":"info","message":"User disconnected: tF6NTIaFG7GfDK63AAA_","service":"chat-app","timestamp":"2025-05-02T11:51:42.258Z"}
{"level":"info","message":"User connected: 5WMmF5YuI72MuoRRAABC","service":"chat-app","timestamp":"2025-05-02T11:51:49.613Z"}
{"level":"info","message":"User disconnected: 5WMmF5YuI72MuoRRAABC","service":"chat-app","timestamp":"2025-05-02T11:51:58.253Z"}
{"level":"info","message":"User connected: sD9GU-l6zq75EYNXAABF","service":"chat-app","timestamp":"2025-05-02T11:51:59.073Z"}
{"level":"info","message":"User connected: lzdbFGiQYuKQF6NhAAAB","service":"chat-app","timestamp":"2025-05-02T12:07:10.166Z"}
{"level":"info","message":"User connected: 1lM6-CrS57mViU3cAAAB","service":"chat-app","timestamp":"2025-05-02T12:07:20.313Z"}
{"level":"info","message":"User disconnected: 1lM6-CrS57mViU3cAAAB","service":"chat-app","timestamp":"2025-05-02T12:12:40.555Z"}
{"level":"info","message":"User connected: xr3R5B2QMiuLukdfAAAE","service":"chat-app","timestamp":"2025-05-02T12:12:41.368Z"}
{"level":"info","message":"User disconnected: xr3R5B2QMiuLukdfAAAE","service":"chat-app","timestamp":"2025-05-02T12:13:58.918Z"}
{"level":"info","message":"User connected: kdqJ7Q8nmBK3buNOAAAJ","service":"chat-app","timestamp":"2025-05-02T12:13:59.427Z"}
{"level":"info","message":"User disconnected: kdqJ7Q8nmBK3buNOAAAJ","service":"chat-app","timestamp":"2025-05-02T12:14:42.537Z"}
{"level":"info","message":"User connected: dGityqBt4aeWCjiwAAAM","service":"chat-app","timestamp":"2025-05-02T12:14:42.983Z"}
{"level":"info","message":"User disconnected: dGityqBt4aeWCjiwAAAM","service":"chat-app","timestamp":"2025-05-02T12:14:44.500Z"}
{"level":"info","message":"User connected: 0jfVVT2AxNypWTtWAAAP","service":"chat-app","timestamp":"2025-05-02T12:14:44.804Z"}
{"level":"info","message":"User disconnected: 0jfVVT2AxNypWTtWAAAP","service":"chat-app","timestamp":"2025-05-02T12:14:47.878Z"}
{"level":"info","message":"User connected: 879Fgl5WcDS9_spHAAAS","service":"chat-app","timestamp":"2025-05-02T12:14:48.627Z"}
{"level":"info","message":"User disconnected: 879Fgl5WcDS9_spHAAAS","service":"chat-app","timestamp":"2025-05-02T12:15:08.121Z"}
{"level":"info","message":"User connected: LqljM-waKM7Wk_-TAAAV","service":"chat-app","timestamp":"2025-05-02T12:15:08.662Z"}
{"level":"info","message":"User disconnected: LqljM-waKM7Wk_-TAAAV","service":"chat-app","timestamp":"2025-05-02T12:23:27.613Z"}
{"level":"info","message":"User connected: gec2mRNq2UAQngjMAAAa","service":"chat-app","timestamp":"2025-05-02T12:23:28.094Z"}
{"level":"info","message":"User connected: rlSrm-VgNPiwYDTvAAAb","service":"chat-app","timestamp":"2025-05-02T12:23:28.098Z"}
{"level":"info","message":"User connected: pAHlqmms3ia2MrB6AAAc","service":"chat-app","timestamp":"2025-05-02T12:23:28.099Z"}
{"level":"info","message":"User connected: V7suuAR3LYUxH0oNAAAd","service":"chat-app","timestamp":"2025-05-02T12:23:28.104Z"}
{"level":"info","message":"User disconnected: gec2mRNq2UAQngjMAAAa","service":"chat-app","timestamp":"2025-05-02T12:23:33.071Z"}
{"level":"info","message":"User disconnected: V7suuAR3LYUxH0oNAAAd","service":"chat-app","timestamp":"2025-05-02T12:23:33.088Z"}
{"level":"info","message":"User disconnected: pAHlqmms3ia2MrB6AAAc","service":"chat-app","timestamp":"2025-05-02T12:23:33.099Z"}
{"level":"info","message":"User disconnected: rlSrm-VgNPiwYDTvAAAb","service":"chat-app","timestamp":"2025-05-02T12:23:33.101Z"}
{"level":"info","message":"User connected: bvgC_3SoitdCM78iAAAi","service":"chat-app","timestamp":"2025-05-02T12:23:33.619Z"}
{"level":"info","message":"User connected: nlntewmmhiwcpZYVAAAj","service":"chat-app","timestamp":"2025-05-02T12:23:33.624Z"}
{"level":"info","message":"User connected: E9_x058CQxagGQNiAAAk","service":"chat-app","timestamp":"2025-05-02T12:23:33.625Z"}
{"level":"info","message":"User connected: TPdKqmUt75-o3X9rAAAl","service":"chat-app","timestamp":"2025-05-02T12:23:33.632Z"}
{"level":"info","message":"User disconnected: bvgC_3SoitdCM78iAAAi","service":"chat-app","timestamp":"2025-05-02T12:23:36.944Z"}
{"level":"info","message":"User disconnected: E9_x058CQxagGQNiAAAk","service":"chat-app","timestamp":"2025-05-02T12:23:36.955Z"}
{"level":"info","message":"User disconnected: TPdKqmUt75-o3X9rAAAl","service":"chat-app","timestamp":"2025-05-02T12:23:36.956Z"}
{"level":"info","message":"User disconnected: nlntewmmhiwcpZYVAAAj","service":"chat-app","timestamp":"2025-05-02T12:23:36.956Z"}
{"level":"info","message":"User connected: GgO5TnIbr2JN8W1pAAAo","service":"chat-app","timestamp":"2025-05-02T12:23:37.455Z"}
{"level":"info","message":"User disconnected: GgO5TnIbr2JN8W1pAAAo","service":"chat-app","timestamp":"2025-05-02T12:26:05.291Z"}
{"level":"info","message":"User connected: Ed1WreMBVp4_TIdMAAAt","service":"chat-app","timestamp":"2025-05-02T12:26:05.811Z"}
{"level":"info","message":"User connected: fSnkpCrv_xq0CNNUAAAu","service":"chat-app","timestamp":"2025-05-02T12:26:05.813Z"}
{"level":"info","message":"User connected: ZaTsgBRMhjIr3oq9AAAv","service":"chat-app","timestamp":"2025-05-02T12:26:05.817Z"}
{"level":"info","message":"User connected: JlJAPwhsu86A4ZdCAAAw","service":"chat-app","timestamp":"2025-05-02T12:26:05.821Z"}
{"level":"info","message":"User disconnected: Ed1WreMBVp4_TIdMAAAt","service":"chat-app","timestamp":"2025-05-02T12:26:08.798Z"}
{"level":"info","message":"User disconnected: JlJAPwhsu86A4ZdCAAAw","service":"chat-app","timestamp":"2025-05-02T12:26:08.807Z"}
{"level":"info","message":"User disconnected: fSnkpCrv_xq0CNNUAAAu","service":"chat-app","timestamp":"2025-05-02T12:26:08.808Z"}
{"level":"info","message":"User disconnected: ZaTsgBRMhjIr3oq9AAAv","service":"chat-app","timestamp":"2025-05-02T12:26:08.808Z"}
{"level":"info","message":"User connected: OSDnwRafpufdGZWvAAAz","service":"chat-app","timestamp":"2025-05-02T12:26:09.453Z"}
{"level":"info","message":"User disconnected: OSDnwRafpufdGZWvAAAz","service":"chat-app","timestamp":"2025-05-02T12:26:23.139Z"}
{"level":"info","message":"User connected: hbKpIUlALnvk_cywAAA4","service":"chat-app","timestamp":"2025-05-02T12:26:23.565Z"}
{"level":"info","message":"User connected: qYeqKhsLLptQc_FNAAA5","service":"chat-app","timestamp":"2025-05-02T12:26:23.567Z"}
{"level":"info","message":"User connected: ywk8pgl3kCqJgmkhAAA6","service":"chat-app","timestamp":"2025-05-02T12:26:23.570Z"}
{"level":"info","message":"User connected: xpuHnvFgheIFoe0NAAA7","service":"chat-app","timestamp":"2025-05-02T12:26:23.574Z"}
{"level":"info","message":"User disconnected: hbKpIUlALnvk_cywAAA4","service":"chat-app","timestamp":"2025-05-02T12:26:24.619Z"}
{"level":"info","message":"User disconnected: ywk8pgl3kCqJgmkhAAA6","service":"chat-app","timestamp":"2025-05-02T12:26:24.675Z"}
{"level":"info","message":"User disconnected: xpuHnvFgheIFoe0NAAA7","service":"chat-app","timestamp":"2025-05-02T12:26:24.676Z"}
{"level":"info","message":"User disconnected: qYeqKhsLLptQc_FNAAA5","service":"chat-app","timestamp":"2025-05-02T12:26:24.677Z"}
{"level":"info","message":"User connected: fgGGzEhCp7lD5fuvAAA-","service":"chat-app","timestamp":"2025-05-02T12:26:25.125Z"}
{"level":"info","message":"User disconnected: fgGGzEhCp7lD5fuvAAA-","service":"chat-app","timestamp":"2025-05-02T12:26:30.647Z"}
{"level":"info","message":"User connected: 4S6SlJNTz6geL55DAABB","service":"chat-app","timestamp":"2025-05-02T12:27:39.904Z"}
{"level":"info","message":"User disconnected: 4S6SlJNTz6geL55DAABB","service":"chat-app","timestamp":"2025-05-02T12:28:23.464Z"}
{"level":"info","message":"User connected: wfhIBACbVluiEfJtAABG","service":"chat-app","timestamp":"2025-05-02T12:28:24.007Z"}
{"level":"info","message":"User connected: 4Q_EdssziygfarywAABH","service":"chat-app","timestamp":"2025-05-02T12:28:24.008Z"}
{"level":"info","message":"User connected: 0hu82c_VZXK3AAh6AABI","service":"chat-app","timestamp":"2025-05-02T12:28:24.011Z"}
{"level":"info","message":"User connected: kGmf82lx5_MzggBYAABJ","service":"chat-app","timestamp":"2025-05-02T12:28:24.013Z"}
{"level":"info","message":"User disconnected: wfhIBACbVluiEfJtAABG","service":"chat-app","timestamp":"2025-05-02T12:28:25.205Z"}
{"level":"info","message":"User disconnected: 4Q_EdssziygfarywAABH","service":"chat-app","timestamp":"2025-05-02T12:28:25.207Z"}
{"level":"info","message":"User disconnected: kGmf82lx5_MzggBYAABJ","service":"chat-app","timestamp":"2025-05-02T12:28:25.208Z"}
{"level":"info","message":"User disconnected: 0hu82c_VZXK3AAh6AABI","service":"chat-app","timestamp":"2025-05-02T12:28:25.208Z"}
{"level":"info","message":"User connected: ZwGVBtjd2y6AxabaAABO","service":"chat-app","timestamp":"2025-05-02T12:28:25.695Z"}
{"level":"info","message":"User connected: 3t16mf2rJsi1L7eQAABP","service":"chat-app","timestamp":"2025-05-02T12:28:25.696Z"}
{"level":"info","message":"User connected: eHmEPucq7GFapQ7_AABQ","service":"chat-app","timestamp":"2025-05-02T12:28:25.696Z"}
{"level":"info","message":"User connected: y4huTPQtZILQor2WAABR","service":"chat-app","timestamp":"2025-05-02T12:28:25.700Z"}
{"level":"info","message":"User disconnected: eHmEPucq7GFapQ7_AABQ","service":"chat-app","timestamp":"2025-05-02T12:28:27.785Z"}
{"level":"info","message":"User disconnected: 3t16mf2rJsi1L7eQAABP","service":"chat-app","timestamp":"2025-05-02T12:28:27.797Z"}
{"level":"info","message":"User disconnected: ZwGVBtjd2y6AxabaAABO","service":"chat-app","timestamp":"2025-05-02T12:28:27.798Z"}
{"level":"info","message":"User disconnected: y4huTPQtZILQor2WAABR","service":"chat-app","timestamp":"2025-05-02T12:28:27.820Z"}
{"level":"info","message":"User connected: RFIDXK4VPRLTYubCAABW","service":"chat-app","timestamp":"2025-05-02T12:28:28.381Z"}
{"level":"info","message":"User connected: I2huXnDHUewrmsu5AABX","service":"chat-app","timestamp":"2025-05-02T12:28:28.384Z"}
{"level":"info","message":"User connected: zwsyCCCvuONslABmAABY","service":"chat-app","timestamp":"2025-05-02T12:28:28.386Z"}
{"level":"info","message":"User connected: xwNO5av_v_OUpzpAAABZ","service":"chat-app","timestamp":"2025-05-02T12:28:28.388Z"}
{"level":"info","message":"User disconnected: RFIDXK4VPRLTYubCAABW","service":"chat-app","timestamp":"2025-05-02T12:28:30.402Z"}
{"level":"info","message":"User disconnected: I2huXnDHUewrmsu5AABX","service":"chat-app","timestamp":"2025-05-02T12:28:30.403Z"}
{"level":"info","message":"User disconnected: xwNO5av_v_OUpzpAAABZ","service":"chat-app","timestamp":"2025-05-02T12:28:30.403Z"}
{"level":"info","message":"User disconnected: zwsyCCCvuONslABmAABY","service":"chat-app","timestamp":"2025-05-02T12:28:30.403Z"}
{"level":"info","message":"User connected: C3jOPMCr62s2Aj0QAABe","service":"chat-app","timestamp":"2025-05-02T12:28:30.974Z"}
{"level":"info","message":"User connected: c5mwPz_tfXYwj_vpAABf","service":"chat-app","timestamp":"2025-05-02T12:28:30.976Z"}
{"level":"info","message":"User connected: S5VYxo0JAJwgZHL9AABg","service":"chat-app","timestamp":"2025-05-02T12:28:30.977Z"}
{"level":"info","message":"User connected: 998xszBBZ3ikcQUjAABh","service":"chat-app","timestamp":"2025-05-02T12:28:30.979Z"}
{"level":"info","message":"User disconnected: C3jOPMCr62s2Aj0QAABe","service":"chat-app","timestamp":"2025-05-02T12:28:33.603Z"}
{"level":"info","message":"User disconnected: 998xszBBZ3ikcQUjAABh","service":"chat-app","timestamp":"2025-05-02T12:28:33.604Z"}
{"level":"info","message":"User disconnected: S5VYxo0JAJwgZHL9AABg","service":"chat-app","timestamp":"2025-05-02T12:28:33.604Z"}
{"level":"info","message":"User disconnected: c5mwPz_tfXYwj_vpAABf","service":"chat-app","timestamp":"2025-05-02T12:28:33.604Z"}
{"level":"info","message":"User connected: 6KdBAZNvQsyn0lJAAABk","service":"chat-app","timestamp":"2025-05-02T12:28:34.097Z"}
{"level":"info","message":"User connected: hkGpnmTkvnyDJGS8AABn","service":"chat-app","timestamp":"2025-05-02T12:28:53.160Z"}
{"level":"info","message":"User disconnected: 6KdBAZNvQsyn0lJAAABk","service":"chat-app","timestamp":"2025-05-02T12:28:53.607Z"}
{"level":"info","message":"User connected: g_cMuUKGtXzZ9vs5AABq","service":"chat-app","timestamp":"2025-05-02T12:28:53.779Z"}
{"level":"info","message":"User disconnected: hkGpnmTkvnyDJGS8AABn","service":"chat-app","timestamp":"2025-05-02T12:29:38.120Z"}
{"level":"info","message":"User connected: Xtn7EtI6KZ20oGbpAABt","service":"chat-app","timestamp":"2025-05-02T12:32:12.024Z"}
{"level":"info","message":"User connected: P2rUxZ_3vf0m-mn9AABu","service":"chat-app","timestamp":"2025-05-02T12:32:12.029Z"}
{"level":"info","message":"User disconnected: Xtn7EtI6KZ20oGbpAABt","service":"chat-app","timestamp":"2025-05-02T12:41:18.912Z"}
{"level":"info","message":"User disconnected: g_cMuUKGtXzZ9vs5AABq","service":"chat-app","timestamp":"2025-05-02T12:41:20.015Z"}
{"level":"info","message":"User disconnected: P2rUxZ_3vf0m-mn9AABu","service":"chat-app","timestamp":"2025-05-02T12:41:20.017Z"}
{"level":"info","message":"User connected: vTiFrATPpH2WFmW3AABx","service":"chat-app","timestamp":"2025-05-02T12:41:22.155Z"}
{"level":"info","message":"User disconnected: vTiFrATPpH2WFmW3AABx","service":"chat-app","timestamp":"2025-05-02T12:41:27.770Z"}
{"level":"info","message":"User connected: 3wI0pVXRXVN5sX8sAAB0","service":"chat-app","timestamp":"2025-05-02T12:41:45.276Z"}
{"level":"info","message":"User disconnected: 3wI0pVXRXVN5sX8sAAB0","service":"chat-app","timestamp":"2025-05-02T13:08:08.739Z"}
{"level":"info","message":"User connected: EYKgD-3jy0QcQ-PDAAB3","service":"chat-app","timestamp":"2025-05-02T13:08:09.235Z"}
{"level":"info","message":"User connected: txYAU17NdfLv4lQ2AAB6","service":"chat-app","timestamp":"2025-05-02T13:09:15.996Z"}
{"level":"info","message":"User connected: LAGSEMaQw7tZ6HKNAAB7","service":"chat-app","timestamp":"2025-05-02T13:09:16.010Z"}
{"level":"info","message":"User connected: HhgOYCulkz3vv3gUAAB-","service":"chat-app","timestamp":"2025-05-02T13:10:35.124Z"}
{"level":"info","message":"User connected: Z4XOrPiHiODyAIrAAAB_","service":"chat-app","timestamp":"2025-05-02T13:10:35.126Z"}
{"level":"info","message":"User disconnected: LAGSEMaQw7tZ6HKNAAB7","service":"chat-app","timestamp":"2025-05-02T13:10:35.180Z"}
{"level":"info","message":"User disconnected: EYKgD-3jy0QcQ-PDAAB3","service":"chat-app","timestamp":"2025-05-02T13:10:39.204Z"}
{"level":"info","message":"User disconnected: Z4XOrPiHiODyAIrAAAB_","service":"chat-app","timestamp":"2025-05-02T13:10:39.209Z"}
{"level":"info","message":"User disconnected: HhgOYCulkz3vv3gUAAB-","service":"chat-app","timestamp":"2025-05-02T13:10:39.210Z"}
{"level":"info","message":"User disconnected: txYAU17NdfLv4lQ2AAB6","service":"chat-app","timestamp":"2025-05-02T13:10:39.210Z"}
{"level":"info","message":"User connected: dI12Wdjf5w4Mvef-AACC","service":"chat-app","timestamp":"2025-05-02T13:10:40.321Z"}
{"level":"info","message":"User connected: uHDiK-Xbgl2C6wZEAAAB","service":"chat-app","timestamp":"2025-05-02T13:17:41.337Z"}
{"level":"info","message":"User connected: -XbF03uZGsB3EaZ7AAAB","service":"chat-app","timestamp":"2025-05-02T13:24:11.237Z"}
{"level":"info","message":"User connected: bq-ZAguLXasqaaQJAAAB","service":"chat-app","timestamp":"2025-05-02T13:28:50.270Z"}
{"level":"info","message":"User connected: wNzIPSCqwbHa22XJAAAB","service":"chat-app","timestamp":"2025-05-02T13:29:02.251Z"}
{"level":"info","message":"User connected: SC1Al0mL34gPmF7_AAAB","service":"chat-app","timestamp":"2025-05-02T13:29:11.255Z"}
{"level":"info","message":"User connected: 1cd0w9ABactjknHfAAAB","service":"chat-app","timestamp":"2025-05-02T13:29:52.255Z"}
{"level":"info","message":"User connected: jHEAGbluALloacZGAAAB","service":"chat-app","timestamp":"2025-05-02T13:31:29.263Z"}
{"level":"info","message":"User connected: 3gjOrGp83M96zNy1AAAB","service":"chat-app","timestamp":"2025-05-02T13:31:41.251Z"}
{"level":"info","message":"User connected: M-2eNexjO2Q6d-naAAAB","service":"chat-app","timestamp":"2025-05-02T13:31:56.254Z"}
{"level":"info","message":"User connected: HUH9hGoEmEAimTT8AAAB","service":"chat-app","timestamp":"2025-05-02T13:33:25.266Z"}
{"level":"info","message":"User connected: jXE2XxXl_A-xk0NyAAAC","service":"chat-app","timestamp":"2025-05-03T04:33:40.673Z"}
{"level":"info","message":"User disconnected: jXE2XxXl_A-xk0NyAAAC","service":"chat-app","timestamp":"2025-05-03T04:34:47.262Z"}
{"level":"info","message":"User connected: zdUyMMvse8NL4cGcAAAF","service":"chat-app","timestamp":"2025-05-03T04:34:47.929Z"}
{"level":"info","message":"User connected: IEOLQVjDq-9TsRhSAAAI","service":"chat-app","timestamp":"2025-05-03T04:36:26.151Z"}
{"level":"info","message":"User disconnected: zdUyMMvse8NL4cGcAAAF","service":"chat-app","timestamp":"2025-05-03T04:36:27.384Z"}
{"level":"info","message":"User disconnected: IEOLQVjDq-9TsRhSAAAI","service":"chat-app","timestamp":"2025-05-03T04:36:50.842Z"}
{"level":"info","message":"User connected: 7vH-k-2tsVcto3nAAAAL","service":"chat-app","timestamp":"2025-05-03T04:36:51.701Z"}
{"level":"info","message":"User connected: 0-66KhaBQdHW9aNzAAAC","service":"chat-app","timestamp":"2025-05-04T07:30:41.271Z"}
{"level":"info","message":"User disconnected: 0-66KhaBQdHW9aNzAAAC","service":"chat-app","timestamp":"2025-05-04T07:32:01.699Z"}
{"level":"info","message":"User connected: 8UCZI3iGCJ9rOv8LAAAF","service":"chat-app","timestamp":"2025-05-04T07:32:02.129Z"}
{"level":"info","message":"User disconnected: 8UCZI3iGCJ9rOv8LAAAF","service":"chat-app","timestamp":"2025-05-04T07:32:28.595Z"}
{"level":"info","message":"User connected: RzXkrWG8McS9VYfXAAAI","service":"chat-app","timestamp":"2025-05-04T07:32:29.008Z"}
{"level":"info","message":"User disconnected: RzXkrWG8McS9VYfXAAAI","service":"chat-app","timestamp":"2025-05-04T07:32:46.404Z"}
{"level":"info","message":"User connected: 74rN-bw-oHVAOlj3AAAL","service":"chat-app","timestamp":"2025-05-04T07:32:47.187Z"}
{"level":"info","message":"User disconnected: 74rN-bw-oHVAOlj3AAAL","service":"chat-app","timestamp":"2025-05-04T07:33:23.354Z"}
{"level":"info","message":"User connected: LvjSX6f2H_nRZ9nUAAAO","service":"chat-app","timestamp":"2025-05-04T07:33:24.201Z"}
{"level":"info","message":"User disconnected: LvjSX6f2H_nRZ9nUAAAO","service":"chat-app","timestamp":"2025-05-04T07:33:26.373Z"}
{"level":"info","message":"User connected: fKsscpVi1qyeSGHeAAAR","service":"chat-app","timestamp":"2025-05-04T07:33:27.240Z"}
{"level":"info","message":"User disconnected: fKsscpVi1qyeSGHeAAAR","service":"chat-app","timestamp":"2025-05-04T07:33:36.612Z"}
{"level":"info","message":"User connected: DFzma8178E6wVB2QAAAU","service":"chat-app","timestamp":"2025-05-04T07:33:37.444Z"}
{"level":"info","message":"User disconnected: DFzma8178E6wVB2QAAAU","service":"chat-app","timestamp":"2025-05-04T07:34:39.499Z"}
{"level":"info","message":"User connected: jc9I6Y8oERBaq7yWAAAC","service":"chat-app","timestamp":"2025-05-04T07:37:25.396Z"}
{"level":"info","message":"User connected: I4kui3bMu0EPERsqAAAB","service":"chat-app","timestamp":"2025-05-04T07:38:55.686Z"}
{"level":"info","message":"User connected: WsPcRJvQWib-aW4oAAAB","service":"chat-app","timestamp":"2025-05-04T07:40:05.690Z"}
{"level":"info","message":"User connected: qLQpeCjUgXfVQlc7AAAB","service":"chat-app","timestamp":"2025-05-04T07:40:12.687Z"}
{"level":"info","message":"User disconnected: qLQpeCjUgXfVQlc7AAAB","service":"chat-app","timestamp":"2025-05-04T07:42:21.878Z"}
{"level":"info","message":"User connected: cjsyUBJYohvcFYAVAAAE","service":"chat-app","timestamp":"2025-05-04T07:42:22.296Z"}
{"level":"info","message":"User disconnected: cjsyUBJYohvcFYAVAAAE","service":"chat-app","timestamp":"2025-05-04T07:42:45.474Z"}
{"level":"info","message":"User connected: gB9jQEH0UnlYt4FYAAAH","service":"chat-app","timestamp":"2025-05-04T07:42:45.855Z"}
{"level":"info","message":"User disconnected: gB9jQEH0UnlYt4FYAAAH","service":"chat-app","timestamp":"2025-05-04T07:42:51.739Z"}
{"level":"info","message":"User connected: 1PCaYlXCmLvcJeJmAAAK","service":"chat-app","timestamp":"2025-05-04T07:42:52.119Z"}
{"level":"info","message":"User disconnected: 1PCaYlXCmLvcJeJmAAAK","service":"chat-app","timestamp":"2025-05-04T07:43:07.170Z"}
{"level":"info","message":"User connected: TAvvTQEFTVAPGqa_AAAN","service":"chat-app","timestamp":"2025-05-04T07:43:07.580Z"}
{"level":"info","message":"User disconnected: TAvvTQEFTVAPGqa_AAAN","service":"chat-app","timestamp":"2025-05-04T07:43:27.945Z"}
{"level":"info","message":"User connected: MiyT6-Cdb0KVzsCLAAAQ","service":"chat-app","timestamp":"2025-05-04T07:43:28.338Z"}
{"level":"info","message":"User disconnected: MiyT6-Cdb0KVzsCLAAAQ","service":"chat-app","timestamp":"2025-05-04T07:44:15.583Z"}
{"level":"info","message":"User connected: ajLJIF8wkhVYBEaVAAAT","service":"chat-app","timestamp":"2025-05-04T07:44:16.067Z"}
{"level":"info","message":"User disconnected: ajLJIF8wkhVYBEaVAAAT","service":"chat-app","timestamp":"2025-05-04T07:44:51.973Z"}
{"level":"info","message":"User connected: -Vi70R1Vxn84yJAkAAAW","service":"chat-app","timestamp":"2025-05-04T07:44:52.403Z"}
{"level":"info","message":"User disconnected: -Vi70R1Vxn84yJAkAAAW","service":"chat-app","timestamp":"2025-05-04T07:45:10.911Z"}
{"level":"info","message":"User connected: 6kX21_AE1fm5SaSQAAAZ","service":"chat-app","timestamp":"2025-05-04T07:45:11.310Z"}
{"level":"info","message":"User disconnected: 6kX21_AE1fm5SaSQAAAZ","service":"chat-app","timestamp":"2025-05-04T07:45:38.064Z"}
{"level":"info","message":"User connected: YyYInxMv13rjV9BoAAAc","service":"chat-app","timestamp":"2025-05-04T07:45:38.472Z"}
{"level":"info","message":"User disconnected: YyYInxMv13rjV9BoAAAc","service":"chat-app","timestamp":"2025-05-04T07:45:47.022Z"}
{"level":"info","message":"User connected: 6yeB1lIAb-PxhQPcAAAf","service":"chat-app","timestamp":"2025-05-04T07:45:47.408Z"}
{"level":"info","message":"User disconnected: 6yeB1lIAb-PxhQPcAAAf","service":"chat-app","timestamp":"2025-05-04T07:45:49.846Z"}
{"level":"info","message":"User connected: njSEC4-xWFlgPW8aAAAi","service":"chat-app","timestamp":"2025-05-04T07:45:50.236Z"}
{"level":"info","message":"User disconnected: njSEC4-xWFlgPW8aAAAi","service":"chat-app","timestamp":"2025-05-04T07:45:59.342Z"}
{"level":"info","message":"User connected: gNRUxSZZyrmo8qVnAAAl","service":"chat-app","timestamp":"2025-05-04T07:45:59.856Z"}
{"level":"info","message":"User disconnected: gNRUxSZZyrmo8qVnAAAl","service":"chat-app","timestamp":"2025-05-04T07:46:29.262Z"}
{"level":"info","message":"User connected: 0OKCLRSPCukfN5UcAAAo","service":"chat-app","timestamp":"2025-05-04T07:46:29.709Z"}
{"level":"info","message":"User disconnected: 0OKCLRSPCukfN5UcAAAo","service":"chat-app","timestamp":"2025-05-04T07:46:42.369Z"}
{"level":"info","message":"User connected: G2XY1jnwhF6Q40b8AAAr","service":"chat-app","timestamp":"2025-05-04T07:46:42.745Z"}
{"level":"info","message":"User disconnected: G2XY1jnwhF6Q40b8AAAr","service":"chat-app","timestamp":"2025-05-04T07:46:54.758Z"}
{"level":"info","message":"User connected: U0Cp6Y1eTlKMt9N2AAAu","service":"chat-app","timestamp":"2025-05-04T07:46:55.075Z"}
{"level":"info","message":"User disconnected: U0Cp6Y1eTlKMt9N2AAAu","service":"chat-app","timestamp":"2025-05-04T07:47:07.946Z"}
{"level":"info","message":"User connected: 8GK4_-yGOFY3ktQCAAAx","service":"chat-app","timestamp":"2025-05-04T07:47:08.280Z"}
{"level":"info","message":"User disconnected: 8GK4_-yGOFY3ktQCAAAx","service":"chat-app","timestamp":"2025-05-04T07:48:04.814Z"}
{"level":"info","message":"User connected: nTn8l9f-ARu_WS0pAAA0","service":"chat-app","timestamp":"2025-05-04T07:48:05.307Z"}
{"level":"info","message":"User disconnected: nTn8l9f-ARu_WS0pAAA0","service":"chat-app","timestamp":"2025-05-04T07:48:09.295Z"}
{"level":"info","message":"User connected: bodFvUrrsMoLplnzAAA3","service":"chat-app","timestamp":"2025-05-04T07:48:09.673Z"}
{"level":"info","message":"User disconnected: bodFvUrrsMoLplnzAAA3","service":"chat-app","timestamp":"2025-05-04T07:48:24.062Z"}
{"level":"info","message":"User connected: AutcHN1ATZdT7F0PAAA6","service":"chat-app","timestamp":"2025-05-04T07:48:24.413Z"}
{"level":"info","message":"User disconnected: AutcHN1ATZdT7F0PAAA6","service":"chat-app","timestamp":"2025-05-04T07:48:34.725Z"}
{"level":"info","message":"User connected: 6ko4xn7tO1BSWENmAAA9","service":"chat-app","timestamp":"2025-05-04T07:48:35.085Z"}
{"level":"info","message":"User disconnected: 6ko4xn7tO1BSWENmAAA9","service":"chat-app","timestamp":"2025-05-04T07:48:53.635Z"}
{"level":"info","message":"User connected: 8-Ftt7sBnIIiZ8fjAABA","service":"chat-app","timestamp":"2025-05-04T07:48:54.096Z"}
{"level":"info","message":"User disconnected: 8-Ftt7sBnIIiZ8fjAABA","service":"chat-app","timestamp":"2025-05-04T07:48:57.370Z"}
{"level":"info","message":"User connected: WoWdBPWHc0SVX1hDAABD","service":"chat-app","timestamp":"2025-05-04T07:48:57.732Z"}
{"level":"info","message":"User disconnected: WoWdBPWHc0SVX1hDAABD","service":"chat-app","timestamp":"2025-05-04T07:49:35.743Z"}
{"level":"info","message":"User connected: ABM_N04cKfHmVC0hAABG","service":"chat-app","timestamp":"2025-05-04T07:49:36.243Z"}
{"level":"info","message":"User disconnected: ABM_N04cKfHmVC0hAABG","service":"chat-app","timestamp":"2025-05-04T07:49:49.485Z"}
{"level":"info","message":"User connected: r0FMGnow47gL8mLxAABJ","service":"chat-app","timestamp":"2025-05-04T07:49:49.895Z"}
{"level":"info","message":"User disconnected: r0FMGnow47gL8mLxAABJ","service":"chat-app","timestamp":"2025-05-04T07:50:55.543Z"}
{"level":"info","message":"User connected: q4CAvUKJ7l0P9dVjAABM","service":"chat-app","timestamp":"2025-05-04T07:50:56.094Z"}
{"level":"info","message":"User disconnected: q4CAvUKJ7l0P9dVjAABM","service":"chat-app","timestamp":"2025-05-04T07:51:38.228Z"}
{"level":"info","message":"User connected: tggLKfUzLB1msaAGAABP","service":"chat-app","timestamp":"2025-05-04T07:51:38.736Z"}
{"level":"info","message":"User disconnected: tggLKfUzLB1msaAGAABP","service":"chat-app","timestamp":"2025-05-04T08:01:56.074Z"}
{"level":"info","message":"User connected: I1MLCZBYrVnxHIhAAABS","service":"chat-app","timestamp":"2025-05-04T08:01:56.689Z"}
{"level":"info","message":"User disconnected: I1MLCZBYrVnxHIhAAABS","service":"chat-app","timestamp":"2025-05-04T08:03:28.974Z"}
{"level":"info","message":"User connected: UGwaNCv9cnpWabd3AABV","service":"chat-app","timestamp":"2025-05-04T08:03:29.529Z"}
{"level":"info","message":"User disconnected: UGwaNCv9cnpWabd3AABV","service":"chat-app","timestamp":"2025-05-04T08:04:02.304Z"}
{"level":"info","message":"User connected: IU2ok_DCNtG_Ch5-AABY","service":"chat-app","timestamp":"2025-05-04T08:04:02.818Z"}
{"level":"info","message":"User disconnected: IU2ok_DCNtG_Ch5-AABY","service":"chat-app","timestamp":"2025-05-04T08:04:13.395Z"}
{"level":"info","message":"User connected: qZbCXxt37tR8vuP8AABb","service":"chat-app","timestamp":"2025-05-04T08:04:13.772Z"}
{"level":"info","message":"User disconnected: qZbCXxt37tR8vuP8AABb","service":"chat-app","timestamp":"2025-05-04T08:04:48.725Z"}
{"level":"info","message":"User connected: eZ1VBbmbWd0atYXlAABe","service":"chat-app","timestamp":"2025-05-04T08:04:49.286Z"}
{"level":"info","message":"User disconnected: eZ1VBbmbWd0atYXlAABe","service":"chat-app","timestamp":"2025-05-04T08:05:27.102Z"}
{"level":"info","message":"User connected: 28DbimfAt8LHD66WAABh","service":"chat-app","timestamp":"2025-05-04T08:05:27.701Z"}
{"level":"info","message":"User disconnected: 28DbimfAt8LHD66WAABh","service":"chat-app","timestamp":"2025-05-04T08:05:55.743Z"}
{"level":"info","message":"User connected: OHifpBenw25hJBHdAABk","service":"chat-app","timestamp":"2025-05-04T08:05:56.315Z"}
{"level":"info","message":"User disconnected: OHifpBenw25hJBHdAABk","service":"chat-app","timestamp":"2025-05-04T08:06:09.039Z"}
{"level":"info","message":"User connected: 19opVdkCHDZdFMx2AABn","service":"chat-app","timestamp":"2025-05-04T08:06:09.453Z"}
{"level":"info","message":"User disconnected: 19opVdkCHDZdFMx2AABn","service":"chat-app","timestamp":"2025-05-04T08:06:25.973Z"}
{"level":"info","message":"User connected: YAzPLfSb7iKeZ1KrAABq","service":"chat-app","timestamp":"2025-05-04T08:06:26.401Z"}
{"level":"info","message":"User disconnected: YAzPLfSb7iKeZ1KrAABq","service":"chat-app","timestamp":"2025-05-04T08:06:33.694Z"}
{"level":"info","message":"User connected: zw0BSq8DeQR1boisAABt","service":"chat-app","timestamp":"2025-05-04T08:06:34.117Z"}
{"level":"info","message":"User disconnected: zw0BSq8DeQR1boisAABt","service":"chat-app","timestamp":"2025-05-04T08:06:42.315Z"}
{"level":"info","message":"User connected: pK1eLxpSBt-uElWwAABw","service":"chat-app","timestamp":"2025-05-04T08:06:42.718Z"}
{"level":"info","message":"User disconnected: pK1eLxpSBt-uElWwAABw","service":"chat-app","timestamp":"2025-05-04T08:06:47.814Z"}
{"level":"info","message":"User connected: w7d0krqYRioHoeHSAABz","service":"chat-app","timestamp":"2025-05-04T08:06:48.192Z"}
{"level":"info","message":"User disconnected: w7d0krqYRioHoeHSAABz","service":"chat-app","timestamp":"2025-05-04T08:07:17.961Z"}
{"level":"info","message":"User connected: gVugL0R3u2NJsOAxAAB2","service":"chat-app","timestamp":"2025-05-04T08:07:18.585Z"}
{"level":"info","message":"User disconnected: gVugL0R3u2NJsOAxAAB2","service":"chat-app","timestamp":"2025-05-04T08:07:43.182Z"}
{"level":"info","message":"User connected: ut25GA8rSRiejAHUAAB5","service":"chat-app","timestamp":"2025-05-04T08:07:43.630Z"}
{"level":"info","message":"User disconnected: ut25GA8rSRiejAHUAAB5","service":"chat-app","timestamp":"2025-05-04T08:09:30.232Z"}
{"level":"info","message":"User connected: psZWo0MWrw7i17uIAAB8","service":"chat-app","timestamp":"2025-05-04T08:09:30.896Z"}
{"level":"info","message":"User disconnected: psZWo0MWrw7i17uIAAB8","service":"chat-app","timestamp":"2025-05-04T08:09:45.951Z"}
{"level":"info","message":"User connected: lpdttYVFe2Pnz1jJAAB_","service":"chat-app","timestamp":"2025-05-04T08:09:46.360Z"}
{"level":"info","message":"User disconnected: lpdttYVFe2Pnz1jJAAB_","service":"chat-app","timestamp":"2025-05-04T08:10:03.318Z"}
{"level":"info","message":"User connected: dC_VR0GPugSskAX_AACC","service":"chat-app","timestamp":"2025-05-04T08:10:03.791Z"}
{"level":"info","message":"User disconnected: dC_VR0GPugSskAX_AACC","service":"chat-app","timestamp":"2025-05-04T08:11:23.927Z"}
{"level":"info","message":"User connected: Fp_NtDke_yjSnKa7AACH","service":"chat-app","timestamp":"2025-05-04T08:11:24.666Z"}
{"level":"info","message":"User connected: _eUpn_99eKr2laWWAACI","service":"chat-app","timestamp":"2025-05-04T08:11:24.668Z"}
{"level":"info","message":"User connected: roivkQ2fmDf1rWmbAACJ","service":"chat-app","timestamp":"2025-05-04T08:11:24.669Z"}
{"level":"info","message":"User connected: 1BQS6ZbdKYsubGuWAACK","service":"chat-app","timestamp":"2025-05-04T08:11:24.672Z"}
{"level":"info","message":"User disconnected: Fp_NtDke_yjSnKa7AACH","service":"chat-app","timestamp":"2025-05-04T08:11:49.683Z"}
{"level":"info","message":"User disconnected: roivkQ2fmDf1rWmbAACJ","service":"chat-app","timestamp":"2025-05-04T08:11:49.684Z"}
{"level":"info","message":"User disconnected: _eUpn_99eKr2laWWAACI","service":"chat-app","timestamp":"2025-05-04T08:11:49.684Z"}
{"level":"info","message":"User disconnected: 1BQS6ZbdKYsubGuWAACK","service":"chat-app","timestamp":"2025-05-04T08:11:49.684Z"}
{"level":"info","message":"User connected: jnAK4LwIYfl_HN7CAACN","service":"chat-app","timestamp":"2025-05-04T08:11:50.410Z"}
{"level":"info","message":"User disconnected: jnAK4LwIYfl_HN7CAACN","service":"chat-app","timestamp":"2025-05-04T08:12:00.550Z"}
{"level":"info","message":"User connected: IAZHq6dGt-Bk9ywuAACQ","service":"chat-app","timestamp":"2025-05-04T08:12:01.211Z"}
{"level":"info","message":"User disconnected: IAZHq6dGt-Bk9ywuAACQ","service":"chat-app","timestamp":"2025-05-04T08:12:19.651Z"}
{"level":"info","message":"User connected: FyNDSpWxZEjkWYFdAACT","service":"chat-app","timestamp":"2025-05-04T08:12:20.112Z"}
{"level":"info","message":"User disconnected: FyNDSpWxZEjkWYFdAACT","service":"chat-app","timestamp":"2025-05-04T08:12:35.084Z"}
{"level":"info","message":"User connected: FjR2PpqxqbpCNcUIAACW","service":"chat-app","timestamp":"2025-05-04T08:12:35.515Z"}
{"level":"info","message":"User disconnected: FjR2PpqxqbpCNcUIAACW","service":"chat-app","timestamp":"2025-05-04T08:13:16.826Z"}
{"level":"info","message":"User connected: aa8WSzBwPXVqnjTlAACZ","service":"chat-app","timestamp":"2025-05-04T08:13:17.339Z"}
{"level":"info","message":"User disconnected: aa8WSzBwPXVqnjTlAACZ","service":"chat-app","timestamp":"2025-05-04T08:13:56.070Z"}
{"level":"info","message":"User connected: Eee7piHIS1CjAFfYAACc","service":"chat-app","timestamp":"2025-05-04T08:13:56.806Z"}
{"level":"info","message":"User disconnected: Eee7piHIS1CjAFfYAACc","service":"chat-app","timestamp":"2025-05-04T08:14:26.766Z"}
{"level":"info","message":"User connected: i-Wzp_pdW_VxgbhiAACf","service":"chat-app","timestamp":"2025-05-04T08:14:27.195Z"}
{"level":"info","message":"User disconnected: i-Wzp_pdW_VxgbhiAACf","service":"chat-app","timestamp":"2025-05-04T08:15:06.981Z"}
{"level":"info","message":"User connected: YmD1FLHRTDfNFBU5AACi","service":"chat-app","timestamp":"2025-05-04T08:15:07.435Z"}
{"level":"info","message":"User disconnected: YmD1FLHRTDfNFBU5AACi","service":"chat-app","timestamp":"2025-05-04T08:15:15.958Z"}
{"level":"info","message":"User connected: h_X43ejOl0ouM80tAACl","service":"chat-app","timestamp":"2025-05-04T08:15:16.374Z"}
{"level":"info","message":"User disconnected: h_X43ejOl0ouM80tAACl","service":"chat-app","timestamp":"2025-05-04T08:15:25.674Z"}
{"level":"info","message":"User connected: mxdTb70_n1Byo4U8AACo","service":"chat-app","timestamp":"2025-05-04T08:15:26.121Z"}
{"level":"info","message":"User disconnected: mxdTb70_n1Byo4U8AACo","service":"chat-app","timestamp":"2025-05-04T08:15:35.323Z"}
{"level":"info","message":"User connected: M_fAUegUi6UTYsmIAACr","service":"chat-app","timestamp":"2025-05-04T08:15:35.791Z"}
{"level":"info","message":"User disconnected: M_fAUegUi6UTYsmIAACr","service":"chat-app","timestamp":"2025-05-04T08:16:00.301Z"}
{"level":"info","message":"User connected: 2lYKjlqTt4KHbXiOAACu","service":"chat-app","timestamp":"2025-05-04T08:16:00.736Z"}
{"level":"info","message":"User disconnected: 2lYKjlqTt4KHbXiOAACu","service":"chat-app","timestamp":"2025-05-04T08:16:33.084Z"}
{"level":"info","message":"User connected: JCzYoSawDTmko6rzAACx","service":"chat-app","timestamp":"2025-05-04T08:16:33.532Z"}
{"level":"info","message":"User disconnected: JCzYoSawDTmko6rzAACx","service":"chat-app","timestamp":"2025-05-04T08:16:47.043Z"}
{"level":"info","message":"User connected: h7Q7p-DufnB-0GavAAC0","service":"chat-app","timestamp":"2025-05-04T08:16:47.503Z"}
{"level":"info","message":"User disconnected: h7Q7p-DufnB-0GavAAC0","service":"chat-app","timestamp":"2025-05-04T08:17:26.623Z"}
{"level":"info","message":"User connected: gVwHhAkTOPBSunMlAAC3","service":"chat-app","timestamp":"2025-05-04T08:17:27.382Z"}
{"level":"info","message":"User disconnected: gVwHhAkTOPBSunMlAAC3","service":"chat-app","timestamp":"2025-05-04T08:17:38.813Z"}
{"level":"info","message":"User connected: YuHkzQOzCXso-UKKAAC6","service":"chat-app","timestamp":"2025-05-04T08:17:39.227Z"}
{"level":"info","message":"User disconnected: YuHkzQOzCXso-UKKAAC6","service":"chat-app","timestamp":"2025-05-04T08:17:52.776Z"}
{"level":"info","message":"User connected: cStHK0GjULyt7zjrAAC9","service":"chat-app","timestamp":"2025-05-04T08:17:53.180Z"}
{"level":"info","message":"User disconnected: cStHK0GjULyt7zjrAAC9","service":"chat-app","timestamp":"2025-05-04T08:18:05.197Z"}
{"level":"info","message":"User connected: -Jx3DFUWdkcX95IeAADA","service":"chat-app","timestamp":"2025-05-04T08:18:05.654Z"}
{"level":"info","message":"User disconnected: -Jx3DFUWdkcX95IeAADA","service":"chat-app","timestamp":"2025-05-04T08:23:39.810Z"}
{"level":"info","message":"User connected: ud0eT2NET9K7lCLgAADD","service":"chat-app","timestamp":"2025-05-04T08:23:40.763Z"}
{"level":"info","message":"User disconnected: ud0eT2NET9K7lCLgAADD","service":"chat-app","timestamp":"2025-05-04T08:24:04.997Z"}
{"level":"info","message":"User connected: nQi8GJoAQ-SZql5LAADG","service":"chat-app","timestamp":"2025-05-04T08:24:05.430Z"}
